make all --print-data-base --no-builtin-variables --no-builtin-rules --question
make: *** No rule to make target 'all'.  Stop.

# GNU Make 4.2.1
 
# Built for x86_64-pc-linux-gnu
 
# Copyright (C) 1988-2016 Free Software Foundation, Inc.
 
# License GPLv3+: GNU GPL version 3 or later <http://gnu.org/licenses/gpl.html>
 
# This is free software: you are free to change and redistribute it.
 
# There is NO WARRANTY, to the extent permitted by law.
 

 
# Make data base, printed on Sat Aug 20 21:04:55 2022
 

# Variables
 

 
# automatic
 
<D = $(patsubst %/,%,$(dir $<))
 
# makefile (from 'Makefile', line 4)
K_INCLUDE = kernel/include
# automatic
?F = $(notdir $?)
# default
.SHELLFLAGS := -c
# environment
XDG_SESSION_CLASS = user
# environment
VSCODE_AGENT_FOLDER = /root/.vscode-server
# environment
XDG_SESSION_TYPE = tty
# automatic
?D = $(patsubst %/,%,$(dir $?))
# automatic
@D = $(patsubst %/,%,$(dir $@))
# automatic
@F = $(notdir $@)
# default
MAKE_VERSION := 4.2.1
# makefile
CURDIR := /root/minimal_OS
# makefile
SHELL = /bin/sh
# environment
JRE_HOME = /root/jdk1.8.0_331/jre
# makefile (from 'Makefile', line 3)
U_OUTPUT = build/user
# environment
VSCODE_NLS_CONFIG = {"locale":"en","availableLanguages":{}}
# environment
_ = /root/.vscode-server/bin/6d9b74a70ca9c7733b29f0456fd8195364076dda/node
# makefile (from 'Makefile', line 12)
CFLAGS = -Wall -Werror -O -fno-omit-frame-pointer -ggdb -mcmodel=medany -ffreestanding -fno-common -nostdlib -mno-relax -fno-stack-protector -fno-pie -no-pie -I.
# makefile (from 'Makefile', line 1)
MAKEFILE_LIST :=  Makefile
# 'override' directive
GNUMAKEFLAGS := 
# makefile (from 'Makefile', line 6)
U_SRC = user
# environment
DBUS_SESSION_BUS_ADDRESS = unix:path=/run/user/0/bus
# environment
LESSOPEN = | /usr/bin/lesspipe %s
# environment
VSCODE_CWD = /root
# environment
SSH_CONNECTION = 111.19.32.169 18116 172.17.17.101 22
# environment
PATH = /root/.vscode-server/bin/6d9b74a70ca9c7733b29f0456fd8195364076dda/bin/remote-cli:/usr/local/sbin:/usr/local/bin:/usr/sbin:/usr/bin:/sbin:/bin:/usr/games:/usr/local/games:/snap/bin:/root/jdk1.8.0_331/bin:/root/jdk1.8.0_331/jre/bin:/root/jdk1.8.0_331/bin:/root/jdk1.8.0_331/jre/bin
# environment
XDG_RUNTIME_DIR = /run/user/0
# environment
ELECTRON_RUN_AS_NODE = 1
# environment
VSCODE_IPC_HOOK_CLI = /run/user/0/vscode-ipc-52d6cecd-e03b-4f31-94bc-1bf3a2380ee1.sock
# default
.FEATURES := target-specific order-only second-expansion else-if shortest-stem undefine oneshell archives jobserver output-sync check-symlink load
# environment
LS_COLORS = 
# automatic
%F = $(notdir $%)
# makefile (from 'Makefile', line 9)
KOBJ = $(patsubst $(K_SRC)/%,%.o,$(basename $(KSRC)))
# environment
PWD = /root/minimal_OS
# default
.LOADED := 
# automatic
*D = $(patsubst %/,%,$(dir $*))
# environment
VSCODE_AMD_ENTRYPOINT = vs/workbench/api/node/extensionHostProcess
# environment
HOME = /root
# environment
LESSCLOSE = /usr/bin/lesspipe %s %s
# environment
LOGNAME = root
# environment
APPLICATION_INSIGHTS_NO_DIAGNOSTIC_CHANNEL = true
# automatic
+F = $(notdir $+)
# environment
VSCODE_HANDLES_UNCAUGHT_ERRORS = true
# automatic
^D = $(patsubst %/,%,$(dir $^))
# environment
MAKELEVEL := 0
# default
MAKE = $(MAKE_COMMAND)
# default
MAKECMDGOALS := all
# environment
SHLVL = 1
# makefile (from 'Makefile', line 1)
CC = riscv64-unknown-elf-gcc -march=rv32imac -mabi=ilp32
# environment
JAVA_HOME = /root/jdk1.8.0_331
# environment
XDG_SESSION_ID = 44
# environment
USER = root
# makefile
.DEFAULT_GOAL := kernel
# makefile (from 'Makefile', line 7)
KSRC = $(wildcard $(K_SRC)/*)
# environment
CLASSPATH = .:/root/jdk1.8.0_331/lib:/root/jdk1.8.0_331/jre/lib:.:/root/jdk1.8.0_331/lib:/root/jdk1.8.0_331/jre/lib:
# automatic
%D = $(patsubst %/,%,$(dir $%))
# makefile (from 'Makefile', line 10)
UOBJ = $(patsubst $(U_SRC)/%,%.o,$(basename $(USRC)))
# default
MAKE_COMMAND := make
# default
.VARIABLES := 
# automatic
*F = $(notdir $*)
# makefile (from 'Makefile', line 8)
USRC = $(wildcard $(U_SRC)/*)
# environment
JAVA_PATH = /root/jdk1.8.0_331/bin:/root/jdk1.8.0_331/jre/bin
# makefile
MAKEFLAGS = pqrR
# environment
MFLAGS = -pqrR
# environment
SSH_CLIENT = 111.19.32.169 18116 22
# automatic
+D = $(patsubst %/,%,$(dir $+))
# environment
BROWSER = /root/.vscode-server/bin/6d9b74a70ca9c7733b29f0456fd8195364076dda/bin/helpers/browser.sh
# makefile (from 'Makefile', line 5)
K_SRC = kernel/src
# environment
VSCODE_HANDLES_SIGPIPE = true
# makefile (from 'Makefile', line 2)
K_OUTPUT = build/kernel
# default
MAKEFILES := 
# automatic
<F = $(notdir $<)
# environment
LC_ALL = C
# automatic
^F = $(notdir $^)
# default
SUFFIXES := 
# default
.INCLUDE_DIRS = /usr/include /usr/local/include /usr/include
# default
.RECIPEPREFIX := 
# default
MAKE_HOST := x86_64-pc-linux-gnu
# environment
LANG = C
# environment
MOTD_SHOWN = pam
# variable set hash-table stats:
# Load=80/1024=8%, Rehash=0, Collisions=15/116=13%

# Pattern-specific Variable Values

# No pattern-specific variable values.

# Directories

# . (device 64513, inode 131155): 7 files, no impossibilities.
# kernel/src (device 64513, inode 136028): 6 files, no impossibilities.

# 13 files, no impossibilities in 2 directories.

# Implicit Rules

# No implicit rules.

# Files

# Not a target:
kernel/src/main.c:
#  Implicit rule search has not been done.
#  Modification time never checked.
#  File has not been updated.

# Not a target:
all:
#  Command line target.
#  Implicit rule search has been done.
#  File does not exist.
#  File has not been updated.

.PHONY: clean
#  Implicit rule search has not been done.
#  Modification time never checked.
#  File has not been updated.

# Not a target:
kernel/src/uart.c:
#  Implicit rule search has not been done.
#  Modification time never checked.
#  File has not been updated.

# Not a target:
Makefile:
#  Implicit rule search has been done.
#  Last modified 2022-08-20 19:36:17.068324494
#  File has been updated.
#  Successfully updated.

kernel: entry.o uart.o main.o start.o
#  Implicit rule search has not been done.
#  Modification time never checked.
#  File has not been updated.

start.o: kernel/src/entry.S kernel/src/uart.c kernel/src/main.c kernel/src/start.c
#  Implicit rule search has not been done.
#  Modification time never checked.
#  File has not been updated.
#  recipe to execute (from 'Makefile', line 17):
	$(CC) -o $(K_OUTPUT)/$@ -c $< $(CFLAGS) -I$(K_INCLUDE)

entry.o: kernel/src/entry.S kernel/src/uart.c kernel/src/main.c kernel/src/start.c
#  Implicit rule search has not been done.
#  Modification time never checked.
#  File has not been updated.
#  recipe to execute (from 'Makefile', line 17):
	$(CC) -o $(K_OUTPUT)/$@ -c $< $(CFLAGS) -I$(K_INCLUDE)

uart.o: kernel/src/entry.S kernel/src/uart.c kernel/src/main.c kernel/src/start.c
#  Implicit rule search has not been done.
#  Modification time never checked.
#  File has not been updated.
#  recipe to execute (from 'Makefile', line 17):
	$(CC) -o $(K_OUTPUT)/$@ -c $< $(CFLAGS) -I$(K_INCLUDE)

# Not a target:
.DEFAULT:
#  Implicit rule search has not been done.
#  Modification time never checked.
#  File has not been updated.

clean:
#  Phony target (prerequisite of .PHONY).
#  Implicit rule search has not been done.
#  File does not exist.
#  File has not been updated.
#  recipe to execute (from 'Makefile', line 21):
	rm -rf $(K_OUTPUT)/* $(U_OUTPUT)/*

main.o: kernel/src/entry.S kernel/src/uart.c kernel/src/main.c kernel/src/start.c
#  Implicit rule search has not been done.
#  Modification time never checked.
#  File has not been updated.
#  recipe to execute (from 'Makefile', line 17):
	$(CC) -o $(K_OUTPUT)/$@ -c $< $(CFLAGS) -I$(K_INCLUDE)

# Not a target:
kernel/src/start.c:
#  Implicit rule search has not been done.
#  Modification time never checked.
#  File has not been updated.

# Not a target:
kernel/src/entry.S:
#  Implicit rule search has not been done.
#  Modification time never checked.
#  File has not been updated.

# files hash-table stats:
# Load=15/1024=1%, Rehash=0, Collisions=3/39=8%
# VPATH Search Paths

# No 'vpath' search paths.

# No general ('VPATH' variable) search path.

# strcache buffers: 1 (0) / strings = 27 / storage = 253 B / avg = 9 B
# current buf: size = 8162 B / used = 253 B / count = 27 / avg = 9 B

# strcache performance: lookups = 46 / hit rate = 41%
 
# hash-table stats:
 
# Load=27/8192=0%, Rehash=0, Collisions=2/46=4%
 
# Finished Make data base on Sat Aug 20 21:04:55 2022

 
